Arguments: 
  C:\Program Files\nodejs\node.exe C:\Users\my\AppData\Roaming\npm\node_modules\yarn\bin\yarn.js start

PATH: 
  C:\Program Files\Common Files\Oracle\Java\javapath;C:\Program Files (x86)\NVIDIA Corporation\PhysX\Common;C:\Program Files (x86)\Common Files\Oracle\Java\javapath;C:\WINDOWS\system32;C:\WINDOWS;C:\WINDOWS\System32\Wbem;C:\WINDOWS\System32\WindowsPowerShell\v1.0\;C:\WINDOWS\System32\OpenSSH\;C:\Program Files\Git\cmd;C:\Program Files\Docker\Docker\resources\bin;C:\Program Files\nodejs\;C:\Program Files\php;C:\Program Files\Microsoft SQL Server\150\Tools\Binn\;C:\Program Files\Microsoft SQL Server\Client SDK\ODBC\170\Tools\Binn\;C:\Program Files\dotnet\;C:\Program Files\Gradle\gradle-8.1\bin;C:\Program Files\PostgreSQL\15\bin;C:\Program Files\MySQL\MySQL Shell 8.0\bin\;C:\Users\my\AppData\Local\Programs\Python\Python310\Scripts\;C:\Users\my\AppData\Local\Programs\Python\Python310\;C:\Users\my\AppData\Local\Microsoft\WindowsApps;C:\Users\my\AppData\Local\Programs\Microsoft VS Code\bin;C:\src\flutter\bin;C:\Users\my\AppData\Local\GitHubDesktop\bin;C:\Users\my\AppData\Roaming\npm;C:\Program Files\Java\jdk-17\bin;C:\Users\my\.dotnet\tools;C:\Program Files\Gradle\gradle-8.1\bin;C:\Program Files\PostgreSQL\15\bin;

Yarn version: 
  1.22.19

Node version: 
  18.14.1

Platform: 
  win32 x64

Trace: 
  SyntaxError: C:\Users\my\OneDrive\Desktop\bentil_mlsa\qbentil-mlsa-build-rest-api-workshop\package.json: Unexpected token } in JSON at position 395
      at JSON.parse (<anonymous>)
      at C:\Users\my\AppData\Roaming\npm\node_modules\yarn\lib\cli.js:1629:59
      at Generator.next (<anonymous>)
      at step (C:\Users\my\AppData\Roaming\npm\node_modules\yarn\lib\cli.js:310:30)
      at C:\Users\my\AppData\Roaming\npm\node_modules\yarn\lib\cli.js:321:13

npm manifest: 
  {
    "name": "mlsa-build",
    "version": "1.0.0",
    "description": "",
    "main": "index.ts",
    "scripts": {
      "start": "node ./build/index.js",
      "build": "tsc",
      "server": "nodemon --exec ts-node index.ts"
    },
    "keywords": [],
    "author": "qbentil",
    "license": "ISC",
    "devDependencies": {
      "@types/express": "^4.17.17",
      "typescript": "^5.0.4",
      "@types/cors": "^2.8.13",
    },
    "dependencies": {
      "dotenv": "^16.0.3",
      "express": "^4.18.2",
      "mongoose": "^7.1.0",
      "tsc": "^2.0.4",
       "cors": "^2.8.5"
    }
  }

yarn manifest: 
  No manifest

Lockfile: 
  No lockfile
